0 info it worked if it ends with ok
1 verbose cli [ 'C:\\dev\\software\\nodejs\\node.exe',
1 verbose cli   'C:\\dev\\software\\nodejs\\node_modules\\npm\\bin\\npm-cli.js',
1 verbose cli   'publish' ]
2 info using npm@3.10.10
3 info using node@v6.9.4
4 verbose publish [ '.' ]
5 silly cache add args [ '.', null ]
6 verbose cache add spec .
7 silly cache add parsed spec Result {
7 silly cache add   raw: '.',
7 silly cache add   scope: null,
7 silly cache add   escapedName: null,
7 silly cache add   name: null,
7 silly cache add   rawSpec: '.',
7 silly cache add   spec: 'C:\\dev\\projects\\angular2\\angular2-tag-input',
7 silly cache add   type: 'directory' }
8 verbose addLocalDirectory C:\Users\balogz\AppData\Roaming\npm-cache\bf-ng2-tag-input\1.2.3-m\package.tgz not in flight; packing
9 verbose correctMkdir C:\Users\balogz\AppData\Roaming\npm-cache correctMkdir not in flight; initializing
10 info lifecycle bf-ng2-tag-input@1.2.3-m~prepublish: bf-ng2-tag-input@1.2.3-m
11 silly lifecycle bf-ng2-tag-input@1.2.3-m~prepublish: no script for prepublish, continuing
12 verbose tar pack [ 'C:\\Users\\balogz\\AppData\\Roaming\\npm-cache\\bf-ng2-tag-input\\1.2.3-m\\package.tgz',
12 verbose tar pack   'C:\\dev\\projects\\angular2\\angular2-tag-input' ]
13 verbose tarball C:\Users\balogz\AppData\Roaming\npm-cache\bf-ng2-tag-input\1.2.3-m\package.tgz
14 verbose folder C:\dev\projects\angular2\angular2-tag-input
15 verbose addLocalTarball adding from inside cache C:\Users\balogz\AppData\Roaming\npm-cache\bf-ng2-tag-input\1.2.3-m\package.tgz
16 verbose correctMkdir C:\Users\balogz\AppData\Roaming\npm-cache correctMkdir not in flight; initializing
17 silly cache afterAdd bf-ng2-tag-input@1.2.3-m
18 verbose afterAdd C:\Users\balogz\AppData\Roaming\npm-cache\bf-ng2-tag-input\1.2.3-m\package\package.json not in flight; writing
19 verbose correctMkdir C:\Users\balogz\AppData\Roaming\npm-cache correctMkdir not in flight; initializing
20 verbose afterAdd C:\Users\balogz\AppData\Roaming\npm-cache\bf-ng2-tag-input\1.2.3-m\package\package.json written
21 silly publish { name: 'bf-ng2-tag-input',
21 silly publish   version: '1.2.3-m',
21 silly publish   description: 'Tag input component for Angular 2',
21 silly publish   main: 'dist/index.js',
21 silly publish   keywords:
21 silly publish    [ 'angular2',
21 silly publish      'tag input',
21 silly publish      'taginput',
21 silly publish      'tags',
21 silly publish      'chips',
21 silly publish      'chips input' ],
21 silly publish   scripts:
21 silly publish    { clean: 'rimraf ./dist/',
21 silly publish      'package:aot': 'npm run clean && npm run build:aot',
21 silly publish      'build:aot': 'ngc -p tsconfig-aot.json',
21 silly publish      serve: 'webpack-dev-server --config config/webpack.dev.js --progress --profile --watch --content-base demo/',
21 silly publish      lint: 'tslint lib/**.*.ts' },
21 silly publish   author: { name: 'TEAM COOL' },
21 silly publish   license: 'ISC',
21 silly publish   devDependencies:
21 silly publish    { '@angular/common': '^2.2.4',
21 silly publish      '@angular/compiler': '^2.2.4',
21 silly publish      '@angular/compiler-cli': '^2.2.4',
21 silly publish      '@angular/core': '^2.2.4',
21 silly publish      '@angular/forms': '^2.2.4',
21 silly publish      '@angular/platform-browser': '^2.2.4',
21 silly publish      '@angular/platform-browser-dynamic': '^2.2.4',
21 silly publish      '@angular/platform-server': '^2.2.4',
21 silly publish      '@types/node': '^6.0.45',
21 silly publish      'awesome-typescript-loader': '^2.2.3',
21 silly publish      codelyzer: '~0.0.26',
21 silly publish      'core-js': '^2.4.1',
21 silly publish      'node-sass': '^3.10.1',
21 silly publish      'postcss-loader': '^0.13.0',
21 silly publish      'raw-loader': '^0.5.1',
21 silly publish      rimraf: '^2.5.4',
21 silly publish      rxjs: '5.0.0-beta.12',
21 silly publish      'sass-loader': '^4.0.2',
21 silly publish      'source-map-loader': '^0.1.5',
21 silly publish      tslint: '3.13.0',
21 silly publish      typescript: '2.0.10',
21 silly publish      webpack: '^2.1.0-beta.21',
21 silly publish      'webpack-dev-server': '^2.1.0-beta.0',
21 silly publish      'zone.js': '^0.6.25' },
21 silly publish   readme: '# angular2-tag-input\r\nTag input component for Angular 2\r\n\r\n## Demo & Examples\r\n[View Demo](http://www.webpackbin.com/EkDO0p3Ab)\r\n\r\n## Quick Start\r\n```\r\nnpm install angular2-tag-input --save\r\n```\r\n\r\n```\r\n// In one of your application NgModules\r\nimport {RlTagInputModule} from \'angular2-tag-input\';\r\n\r\n@NgModule({\r\n  imports: [\r\n    RlTagInputModule\r\n  ]\r\n})\r\nexport class YourModule {}\r\n\r\n// In one of your component templates\r\n<rl-tag-input [(ngModel)]="tags" placeholder="Testing placeholder"></rl-tag-input>\r\n```\r\n\r\n## API\r\n### Inputs\r\n| Name | Type | Default | Description |\r\n| --- | --- | --- | --- |\r\n| `addOnBlur` | `boolean` | true | Whether to attempt to add a tag when the input loses focus. |\r\n| `addOnComma` | `boolean` | true | Whether to attempt to add a tag when the user presses comma. |\r\n| `addOnEnter` | `boolean` | true | Whether to attempt to add a tag when the user presses enter. |\r\n| `addOnPaste` | `boolean` | true | Whether to attempt to add a tags when the user pastes their clipboard contents. |\r\n| `addOnSpace` | `boolean` | true | Whether to attempt to add a tags when the user presses space. |\r\n| `allowDuplicates` | `boolean` | `false` | Allow duplicate tags. |\r\n| `allowedTagsPattern` | `RegExp` | `/.+/` | RegExp that must match for a tag to be added. |\r\n| `autocomplete` | `boolean` | `false` | Toggle autocomplete mode on/off |\r\n| `autocompleteItems` | `string[]` | `[]` | List of suggestions for autocomplete menu |\r\n| `autocompleteMustMatch` | `boolean` | `true` | Whether a tag must be present in the suggestions list to be valid |\r\n| `autocompleteSelectFirstItem` | `boolean` | `true` | Pre-highlight the first item in the suggestions list |\r\n| `placeholder` | `string` | `\'Add a tag\'` | Placeholder for the `<input>` tag. |\r\n\r\n\r\n### Outputs\r\n| Name | Type Emitted | Description |\r\n| --- | --- | --- |\r\n| `addTag` | `string` | Emits the added tag string |\r\n| `removeTag` | `string` | Emits the removed tag string |\r\n',
21 silly publish   readmeFilename: 'README.md',
21 silly publish   gitHead: 'bb0f692f806c2c48b84d06354896459b73068ff6',
21 silly publish   _id: 'bf-ng2-tag-input@1.2.3-m',
21 silly publish   _shasum: '867aef8df0d6ec54780a6f6840dec0510a9fd7cf',
21 silly publish   _from: '.' }
22 verbose getPublishConfig undefined
23 silly mapToRegistry name bf-ng2-tag-input
24 silly mapToRegistry using default registry
25 silly mapToRegistry registry https://registry.npmjs.org/
26 silly mapToRegistry data Result {
26 silly mapToRegistry   raw: 'bf-ng2-tag-input',
26 silly mapToRegistry   scope: null,
26 silly mapToRegistry   escapedName: 'bf-ng2-tag-input',
26 silly mapToRegistry   name: 'bf-ng2-tag-input',
26 silly mapToRegistry   rawSpec: '',
26 silly mapToRegistry   spec: 'latest',
26 silly mapToRegistry   type: 'tag' }
27 silly mapToRegistry uri https://registry.npmjs.org/bf-ng2-tag-input
28 verbose publish registryBase https://registry.npmjs.org/
29 silly publish uploading C:\Users\balogz\AppData\Roaming\npm-cache\bf-ng2-tag-input\1.2.3-m\package.tgz
30 verbose request uri https://registry.npmjs.org/bf-ng2-tag-input
31 verbose request sending authorization for write operation
32 info attempt registry request try #1 at 13:39:22
33 verbose request using bearer token for auth
34 verbose request id f845e17bcec6192b
35 http request PUT https://registry.npmjs.org/bf-ng2-tag-input
36 http 403 https://registry.npmjs.org/bf-ng2-tag-input
37 verbose headers { 'content-type': 'application/json',
37 verbose headers   'cache-control': 'max-age=300',
37 verbose headers   'content-length': '110',
37 verbose headers   'accept-ranges': 'bytes',
37 verbose headers   date: 'Fri, 20 Oct 2017 11:39:24 GMT',
37 verbose headers   via: '1.1 varnish',
37 verbose headers   connection: 'keep-alive',
37 verbose headers   'x-served-by': 'cache-hhn1533-HHN',
37 verbose headers   'x-cache': 'MISS',
37 verbose headers   'x-cache-hits': '0',
37 verbose headers   'x-timer': 'S1508499563.249659,VS0,VE928',
37 verbose headers   vary: 'Accept-Encoding, Accept' }
38 verbose request invalidating C:\Users\balogz\AppData\Roaming\npm-cache\registry.npmjs.org\bf-ng2-tag-input on PUT
39 error publish Failed PUT 403
40 verbose stack Error: You do not have permission to publish "bf-ng2-tag-input". Are you logged in as the correct user? : bf-ng2-tag-input
40 verbose stack     at makeError (C:\dev\software\nodejs\node_modules\npm\node_modules\npm-registry-client\lib\request.js:302:12)
40 verbose stack     at CachingRegistryClient.<anonymous> (C:\dev\software\nodejs\node_modules\npm\node_modules\npm-registry-client\lib\request.js:290:14)
40 verbose stack     at Request._callback (C:\dev\software\nodejs\node_modules\npm\node_modules\npm-registry-client\lib\request.js:210:14)
40 verbose stack     at Request.self.callback (C:\dev\software\nodejs\node_modules\npm\node_modules\request\request.js:187:22)
40 verbose stack     at emitTwo (events.js:106:13)
40 verbose stack     at Request.emit (events.js:191:7)
40 verbose stack     at Request.<anonymous> (C:\dev\software\nodejs\node_modules\npm\node_modules\request\request.js:1048:10)
40 verbose stack     at emitOne (events.js:96:13)
40 verbose stack     at Request.emit (events.js:188:7)
40 verbose stack     at IncomingMessage.<anonymous> (C:\dev\software\nodejs\node_modules\npm\node_modules\request\request.js:969:12)
41 verbose statusCode 403
42 verbose pkgid bf-ng2-tag-input
43 verbose cwd C:\dev\projects\angular2\angular2-tag-input
44 error Windows_NT 10.0.15063
45 error argv "C:\\dev\\software\\nodejs\\node.exe" "C:\\dev\\software\\nodejs\\node_modules\\npm\\bin\\npm-cli.js" "publish"
46 error node v6.9.4
47 error npm  v3.10.10
48 error code E403
49 error You do not have permission to publish "bf-ng2-tag-input". Are you logged in as the correct user? : bf-ng2-tag-input
50 error If you need help, you may report this error at:
50 error     <https://github.com/npm/npm/issues>
51 verbose exit [ 1, true ]
